{"/github_project/builder-webpack/lib/webpack.base.js":{"path":"/github_project/builder-webpack/lib/webpack.base.js","s":{"1":1,"2":1,"3":1,"4":1,"5":1,"6":1,"7":1,"8":1,"9":1,"10":1,"11":1,"12":1,"13":1,"14":2,"15":2,"16":2,"17":2,"18":2,"19":1,"20":1,"21":1,"22":0,"23":0,"24":0,"25":0,"26":0},"b":{"1":[2,2],"2":[0,0],"3":[0,0,0]},"f":{"1":0},"fnMap":{"1":{"name":"errorPlugin","line":110,"loc":{"start":{"line":110,"column":8},"end":{"line":110,"column":32}}}},"statementMap":{"1":{"start":{"line":1,"column":0},"end":{"line":1,"column":63}},"2":{"start":{"line":2,"column":0},"end":{"line":2,"column":57}},"3":{"start":{"line":3,"column":0},"end":{"line":3,"column":64}},"4":{"start":{"line":4,"column":0},"end":{"line":4,"column":29}},"5":{"start":{"line":5,"column":0},"end":{"line":5,"column":29}},"6":{"start":{"line":6,"column":0},"end":{"line":6,"column":78}},"7":{"start":{"line":7,"column":0},"end":{"line":7,"column":45}},"8":{"start":{"line":9,"column":0},"end":{"line":9,"column":33}},"9":{"start":{"line":11,"column":0},"end":{"line":44,"column":2}},"10":{"start":{"line":12,"column":4},"end":{"line":12,"column":21}},"11":{"start":{"line":13,"column":4},"end":{"line":13,"column":34}},"12":{"start":{"line":14,"column":4},"end":{"line":14,"column":77}},"13":{"start":{"line":16,"column":4},"end":{"line":39,"column":10}},"14":{"start":{"line":18,"column":12},"end":{"line":18,"column":48}},"15":{"start":{"line":19,"column":12},"end":{"line":19,"column":66}},"16":{"start":{"line":20,"column":12},"end":{"line":20,"column":47}},"17":{"start":{"line":21,"column":12},"end":{"line":21,"column":40}},"18":{"start":{"line":22,"column":12},"end":{"line":38,"column":13}},"19":{"start":{"line":40,"column":4},"end":{"line":43,"column":6}},"20":{"start":{"line":46,"column":0},"end":{"line":46,"column":47}},"21":{"start":{"line":48,"column":0},"end":{"line":122,"column":2}},"22":{"start":{"line":67,"column":39},"end":{"line":71,"column":25}},"23":{"start":{"line":111,"column":12},"end":{"line":117,"column":15}},"24":{"start":{"line":112,"column":16},"end":{"line":116,"column":17}},"25":{"start":{"line":113,"column":20},"end":{"line":113,"column":47}},"26":{"start":{"line":114,"column":20},"end":{"line":114,"column":36}}},"branchMap":{"1":{"line":20,"type":"binary-expr","locations":[{"start":{"line":20,"column":29},"end":{"line":20,"column":34}},{"start":{"line":20,"column":38},"end":{"line":20,"column":46}}]},"2":{"line":112,"type":"if","locations":[{"start":{"line":112,"column":16},"end":{"line":112,"column":16}},{"start":{"line":112,"column":16},"end":{"line":112,"column":16}}]},"3":{"line":112,"type":"binary-expr","locations":[{"start":{"line":112,"column":20},"end":{"line":112,"column":44}},{"start":{"line":112,"column":48},"end":{"line":112,"column":79}},{"start":{"line":112,"column":83},"end":{"line":112,"column":121}}]}}}}